<?xml version="1.0" encoding="UTF-8"?>
<!-- Generated by org.testng.reporters.JUnitReportReporter -->
<testsuite hostname="TALAN-HQUAP6N" failures="0" tests="1" name="Tests.ExtentReportsDemo" time="0.015" errors="0" timestamp="2022-10-25T10:29:01 CEST" skipped="0">
  <testcase classname="Tests.ExtentReportsDemo" name="test1" time="0.015"/>
  <system-out/>
</testsuite> <!-- Tests.ExtentReportsDemo -->
