<?xml version="1.0" encoding="UTF-8"?>
<!-- Generated by org.testng.reporters.JUnitReportReporter -->
<testsuite hostname="TALAN-HQUAP6N" failures="0" tests="1" name="Tests.BaseClass" time="0.004" errors="0" timestamp="2022-10-25T16:17:10 CEST" skipped="0">
  <testcase classname="Tests.BaseClass" name="sampleTest" time="0.004"/>
  <system-out/>
</testsuite> <!-- Tests.BaseClass -->
