<?xml version="1.0" encoding="UTF-8"?>
<!-- Generated by org.testng.reporters.JUnitReportReporter -->
<testsuite hostname="TALAN-HQUAP6N" failures="0" tests="3" name="Tests.Tests" time="62.716" errors="0" timestamp="2022-10-25T16:25:36 CEST" skipped="0">
  <testcase classname="Tests.Tests" name="LoginTest" time="42.104"/>
  <system-out/>
  <testcase classname="Tests.Tests" name="sampleTest" time="0.004"/>
  <system-out/>
  <testcase classname="Tests.Tests" name="TestOne" time="20.608"/>
  <system-out/>
</testsuite> <!-- Tests.Tests -->
